[12Jun2023 00:00:00.024] [Timer-0/INFO] [de.geheimagentnr1.auto_restart.task.AutoRestartTask/]: Auto restarting Server on auto restarting time
[12Jun2023 00:00:00.030] [Timer-0/INFO] [de.geheimagentnr1.auto_restart.util.ServerRestarter/]: Saving restart status "RESTART" to file
[12Jun2023 00:00:00.105] [Server thread/INFO] [net.minecraft.server.MinecraftServer/]: Stopping server
[12Jun2023 00:00:00.106] [Server thread/INFO] [net.minecraft.server.MinecraftServer/]: Saving players
[12Jun2023 00:00:00.170] [Server thread/INFO] [net.minecraft.server.network.ServerGamePacketListenerImpl/]: vSovK lost connection: Server closed
[12Jun2023 00:00:00.170] [Server thread/INFO] [net.minecraft.server.MinecraftServer/]: vSovK left the game
[12Jun2023 00:00:00.186] [Server thread/INFO] [net.minecraft.server.MinecraftServer/]: Saving worlds
[12Jun2023 00:00:03.990] [Server thread/INFO] [net.minecraft.server.MinecraftServer/]: Saving chunks for level 'ServerLevel[world]'/minecraft:overworld
[12Jun2023 00:00:04.525] [Server thread/INFO] [net.minecraft.server.MinecraftServer/]: Saving chunks for level 'ServerLevel[world]'/twilightforest:twilight_forest
[12Jun2023 00:00:04.526] [Server thread/INFO] [net.minecraft.server.MinecraftServer/]: Saving chunks for level 'ServerLevel[world]'/minecraft:the_end
[12Jun2023 00:00:04.527] [Server thread/INFO] [net.minecraft.server.MinecraftServer/]: Saving chunks for level 'ServerLevel[world]'/blue_skies:everbright
[12Jun2023 00:00:04.755] [Server thread/INFO] [net.minecraft.server.MinecraftServer/]: Saving chunks for level 'ServerLevel[world]'/blue_skies:everdawn
[12Jun2023 00:00:04.756] [Server thread/INFO] [net.minecraft.server.MinecraftServer/]: Saving chunks for level 'ServerLevel[world]'/aether:the_aether
[12Jun2023 00:00:04.757] [Server thread/INFO] [net.minecraft.server.MinecraftServer/]: Saving chunks for level 'ServerLevel[world]'/minecraft:the_nether
[12Jun2023 00:00:04.807] [Server thread/INFO] [net.minecraft.server.MinecraftServer/]: ThreadedAnvilChunkStorage (world): All chunks are saved
[12Jun2023 00:00:04.807] [Server thread/INFO] [net.minecraft.server.MinecraftServer/]: ThreadedAnvilChunkStorage (twilight_forest): All chunks are saved
[12Jun2023 00:00:04.808] [Server thread/INFO] [net.minecraft.server.MinecraftServer/]: ThreadedAnvilChunkStorage (DIM1): All chunks are saved
[12Jun2023 00:00:04.808] [Server thread/INFO] [net.minecraft.server.MinecraftServer/]: ThreadedAnvilChunkStorage (everbright): All chunks are saved
[12Jun2023 00:00:04.808] [Server thread/INFO] [net.minecraft.server.MinecraftServer/]: ThreadedAnvilChunkStorage (everdawn): All chunks are saved
[12Jun2023 00:00:04.808] [Server thread/INFO] [net.minecraft.server.MinecraftServer/]: ThreadedAnvilChunkStorage (the_aether): All chunks are saved
[12Jun2023 00:00:04.808] [Server thread/INFO] [net.minecraft.server.MinecraftServer/]: ThreadedAnvilChunkStorage (DIM-1): All chunks are saved
[12Jun2023 00:00:04.808] [Server thread/INFO] [net.minecraft.server.MinecraftServer/]: ThreadedAnvilChunkStorage: All dimensions are saved
[12Jun2023 00:00:05.189] [Server thread/INFO] [Discord-Integration/]: Unloading addons...
[12Jun2023 00:00:05.189] [Server thread/INFO] [Discord-Integration/]: Unloaded addons
[12Jun2023 00:00:05.190] [Server thread/INFO] [Discord-Integration/]: Unloading instance: net.dv8tion.jda.internal.JDAImpl@6749139d
[12Jun2023 00:00:05.190] [Server thread/INFO] [Discord-Integration/]: Unloading listener: de.erdbeerbaerlp.dcintegration.common.DiscordEventListener@62ead3fe
[12Jun2023 00:00:05.195] [Server thread/INFO] [Discord-Integration/]: Shut-down successfully!
